[2019-11-29 18:51:29] laravel.EMERGENCY: Unable to create configured logger. Using emergency logger. {"exception":"[object] (InvalidArgumentException(code: 0): Log [] is not defined. at C:\\Users\\ASUS\\Documents\\attendance_pad\\vendor\\laravel\\framework\\src\\Illuminate\\Log\\LogManager.php:184)
[stacktrace]
#0 C:\\Users\\ASUS\\Documents\\attendance_pad\\vendor\\laravel\\framework\\src\\Illuminate\\Log\\LogManager.php(118): Illuminate\\Log\\LogManager->resolve(NULL)
#1 C:\\Users\\ASUS\\Documents\\attendance_pad\\vendor\\laravel\\framework\\src\\Illuminate\\Log\\LogManager.php(98): Illuminate\\Log\\LogManager->get(NULL)
#2 C:\\Users\\ASUS\\Documents\\attendance_pad\\vendor\\laravel\\framework\\src\\Illuminate\\Log\\LogManager.php(539): Illuminate\\Log\\LogManager->driver()
#3 C:\\Users\\ASUS\\Documents\\attendance_pad\\vendor\\laravel\\framework\\src\\Illuminate\\Foundation\\Exceptions\\Handler.php(118): Illuminate\\Log\\LogManager->error('syntax error, u...', Array)
#4 C:\\Users\\ASUS\\Documents\\attendance_pad\\app\\Exceptions\\Handler.php(37): Illuminate\\Foundation\\Exceptions\\Handler->report(Object(Symfony\\Component\\Debug\\Exception\\FatalThrowableError))
#5 C:\\Users\\ASUS\\Documents\\attendance_pad\\vendor\\laravel\\framework\\src\\Illuminate\\Foundation\\Console\\Kernel.php(376): App\\Exceptions\\Handler->report(Object(Symfony\\Component\\Debug\\Exception\\FatalThrowableError))
#6 C:\\Users\\ASUS\\Documents\\attendance_pad\\vendor\\laravel\\framework\\src\\Illuminate\\Foundation\\Console\\Kernel.php(141): Illuminate\\Foundation\\Console\\Kernel->reportException(Object(Symfony\\Component\\Debug\\Exception\\FatalThrowableError))
#7 C:\\Users\\ASUS\\Documents\\attendance_pad\\artisan(37): Illuminate\\Foundation\\Console\\Kernel->handle(Object(Symfony\\Component\\Console\\Input\\ArgvInput), Object(Symfony\\Component\\Console\\Output\\ConsoleOutput))
#8 {main}
"} 
[2019-11-29 18:51:29] laravel.ERROR: syntax error, unexpected ''env'' (T_CONSTANT_ENCAPSED_STRING), expecting ']' {"exception":"[object] (Symfony\\Component\\Debug\\Exception\\FatalThrowableError(code: 0): syntax error, unexpected ''env'' (T_CONSTANT_ENCAPSED_STRING), expecting ']' at C:\\Users\\ASUS\\Documents\\attendance_pad\\config\\app.php:30)
[stacktrace]
#0 C:\\Users\\ASUS\\Documents\\attendance_pad\\vendor\\laravel\\framework\\src\\Illuminate\\Foundation\\Bootstrap\\LoadConfiguration.php(39): Illuminate\\Foundation\\Bootstrap\\LoadConfiguration->loadConfigurationFiles(Object(Illuminate\\Foundation\\Application), Object(Illuminate\\Config\\Repository))
#1 C:\\Users\\ASUS\\Documents\\attendance_pad\\vendor\\laravel\\framework\\src\\Illuminate\\Foundation\\Application.php(211): Illuminate\\Foundation\\Bootstrap\\LoadConfiguration->bootstrap(Object(Illuminate\\Foundation\\Application))
#2 C:\\Users\\ASUS\\Documents\\attendance_pad\\vendor\\laravel\\framework\\src\\Illuminate\\Foundation\\Console\\Kernel.php(320): Illuminate\\Foundation\\Application->bootstrapWith(Array)
#3 C:\\Users\\ASUS\\Documents\\attendance_pad\\vendor\\laravel\\framework\\src\\Illuminate\\Foundation\\Console\\Kernel.php(129): Illuminate\\Foundation\\Console\\Kernel->bootstrap()
#4 C:\\Users\\ASUS\\Documents\\attendance_pad\\artisan(37): Illuminate\\Foundation\\Console\\Kernel->handle(Object(Symfony\\Component\\Console\\Input\\ArgvInput), Object(Symfony\\Component\\Console\\Output\\ConsoleOutput))
#5 {main}
"} 
